Build started 9/5/2011 1:40:09 PM.
     1>Project "D:\Documents\c++\ProfCurse\HW1.1\ClassArray\ClassArray\ClassArray.vcxproj" on node 2 (build target(s)).
     1>InitializeBuildStatus:
         Creating "Debug\ClassArray.unsuccessfulbuild" because "AlwaysCreate" was specified.
       ClCompile:
         All outputs are up-to-date.
         C:\Program Files (x86)\Microsoft Visual Studio 10.0\VC\bin\CL.exe /c /ZI /nologo /W3 /WX- /Od /Oy- /D WIN32 /D _DEBUG /D _CONSOLE /D _UNICODE /D UNICODE /Gm /EHsc /RTC1 /MDd /GS /fp:precise /Zc:wchar_t /Zc:forScope /Yu"StdAfx.h" /Fp"Debug\ClassArray.pch" /Fo"Debug\\" /Fd"Debug\vc100.pdb" /Gd /TP /analyze- /errorReport:prompt ClassArray.cpp
         ClassArray.cpp
     1>d:\documents\c++\profcurse\hw1.1\classarray\classarray\classarray.cpp(16): warning C4244: аргумент: преобразование "time_t" в "unsigned int", возможна потеря данных
     1>d:\documents\c++\profcurse\hw1.1\classarray\classarray\classarray.cpp(106): warning C4805: ==: небезопасное смешение типа "int" и типа "bool" в операции
       ManifestResourceCompile:
         All outputs are up-to-date.
       Link:
         C:\Program Files (x86)\Microsoft Visual Studio 10.0\VC\bin\link.exe /ERRORREPORT:PROMPT /OUT:"D:\Documents\c++\ProfCurse\HW1.1\ClassArray\Debug\ClassArray.exe" /INCREMENTAL /NOLOGO kernel32.lib user32.lib gdi32.lib winspool.lib comdlg32.lib advapi32.lib shell32.lib ole32.lib oleaut32.lib uuid.lib odbc32.lib odbccp32.lib /MANIFEST /ManifestFile:"Debug\ClassArray.exe.intermediate.manifest" /MANIFESTUAC:"level='asInvoker' uiAccess='false'" /DEBUG /PDB:"D:\Documents\c++\ProfCurse\HW1.1\ClassArray\Debug\ClassArray.pdb" /SUBSYSTEM:CONSOLE /TLBID:1 /DYNAMICBASE /NXCOMPAT /IMPLIB:"D:\Documents\c++\ProfCurse\HW1.1\ClassArray\Debug\ClassArray.lib" /MACHINE:X86 Debug\ClassArray.exe.embed.manifest.res
         Debug\Array.obj
         Debug\ClassArray.obj
         Debug\stdafx.obj
       Manifest:
         C:\Program Files (x86)\Microsoft SDKs\Windows\v7.0A\bin\mt.exe /nologo /verbose /out:"Debug\ClassArray.exe.embed.manifest" /manifest Debug\ClassArray.exe.intermediate.manifest
         All outputs are up-to-date.
       LinkEmbedManifest:
         All outputs are up-to-date.
         ClassArray.vcxproj -> D:\Documents\c++\ProfCurse\HW1.1\ClassArray\Debug\ClassArray.exe
       FinalizeBuildStatus:
         Deleting file "Debug\ClassArray.unsuccessfulbuild".
         Touching "Debug\ClassArray.lastbuildstate".
     1>Done Building Project "D:\Documents\c++\ProfCurse\HW1.1\ClassArray\ClassArray\ClassArray.vcxproj" (build target(s)).

Build succeeded.

Time Elapsed 00:00:00.96
