Build started 9/8/2011 3:08:42 PM.
     1>Project "D:\Documents\c++\ProfCurse\HW1.1\LineAndArray\LineAndArray\LineAndArray.vcxproj" on node 2 (build target(s)).
     1>InitializeBuildStatus:
         Creating "Debug\LineAndArray.unsuccessfulbuild" because "AlwaysCreate" was specified.
       ClCompile:
         All outputs are up-to-date.
         C:\Program Files (x86)\Microsoft Visual Studio 10.0\VC\bin\CL.exe /c /ZI /nologo /W3 /WX- /Od /Oy- /D WIN32 /D _DEBUG /D _CONSOLE /D _UNICODE /D UNICODE /Gm /EHsc /RTC1 /MDd /GS /fp:precise /Zc:wchar_t /Zc:forScope /Yu"StdAfx.h" /Fp"Debug\LineAndArray.pch" /Fo"Debug\\" /Fd"Debug\vc100.pdb" /Gd /TP /analyze- /errorReport:prompt Line.cpp
         Line.cpp
       ManifestResourceCompile:
         All outputs are up-to-date.
       Link:
         C:\Program Files (x86)\Microsoft Visual Studio 10.0\VC\bin\link.exe /ERRORREPORT:PROMPT /OUT:"D:\Documents\c++\ProfCurse\HW1.1\LineAndArray\Debug\LineAndArray.exe" /INCREMENTAL /NOLOGO kernel32.lib user32.lib gdi32.lib winspool.lib comdlg32.lib advapi32.lib shell32.lib ole32.lib oleaut32.lib uuid.lib odbc32.lib odbccp32.lib /MANIFEST /ManifestFile:"Debug\LineAndArray.exe.intermediate.manifest" /MANIFESTUAC:"level='asInvoker' uiAccess='false'" /DEBUG /PDB:"D:\Documents\c++\ProfCurse\HW1.1\LineAndArray\Debug\LineAndArray.pdb" /SUBSYSTEM:CONSOLE /TLBID:1 /DYNAMICBASE /NXCOMPAT /IMPLIB:"D:\Documents\c++\ProfCurse\HW1.1\LineAndArray\Debug\LineAndArray.lib" /MACHINE:X86 Debug\LineAndArray.exe.embed.manifest.res
         Debug\Array.obj
         Debug\Dot.obj
         Debug\Line.obj
         Debug\LineAndArray.obj
         Debug\stdafx.obj
       Manifest:
         C:\Program Files (x86)\Microsoft SDKs\Windows\v7.0A\bin\mt.exe /nologo /verbose /out:"Debug\LineAndArray.exe.embed.manifest" /manifest Debug\LineAndArray.exe.intermediate.manifest
         All outputs are up-to-date.
       LinkEmbedManifest:
         All outputs are up-to-date.
         LineAndArray.vcxproj -> D:\Documents\c++\ProfCurse\HW1.1\LineAndArray\Debug\LineAndArray.exe
       FinalizeBuildStatus:
         Deleting file "Debug\LineAndArray.unsuccessfulbuild".
         Touching "Debug\LineAndArray.lastbuildstate".
     1>Done Building Project "D:\Documents\c++\ProfCurse\HW1.1\LineAndArray\LineAndArray\LineAndArray.vcxproj" (build target(s)).

Build succeeded.

Time Elapsed 00:00:01.01
