D:\C++\C---PROFF-COURSE\LESSON2\DEBUG\LESSON2.EXE
D:\C++\C---PROFF-COURSE\LESSON2\DEBUG\LESSON2.ILK
D:\C++\C---PROFF-COURSE\LESSON2\DEBUG\LESSON2.PDB
d:\C++\C---proff-course\lesson2\lesson2\Debug\cl.command.1.tlog
d:\C++\C---proff-course\lesson2\lesson2\Debug\CL.read.1.tlog
d:\C++\C---proff-course\lesson2\lesson2\Debug\CL.write.1.tlog
d:\C++\C---proff-course\lesson2\lesson2\Debug\lesson2.exe.embed.manifest
D:\C++\C---PROFF-COURSE\LESSON2\LESSON2\DEBUG\LESSON2.EXE.EMBED.MANIFEST.RES
D:\C++\C---PROFF-COURSE\LESSON2\LESSON2\DEBUG\LESSON2.EXE.INTERMEDIATE.MANIFEST
D:\C++\C---PROFF-COURSE\LESSON2\LESSON2\DEBUG\LESSON2.OBJ
D:\C++\C---PROFF-COURSE\LESSON2\LESSON2\DEBUG\LESSON2.PCH
d:\C++\C---proff-course\lesson2\lesson2\Debug\lesson2_manifest.rc
d:\C++\C---proff-course\lesson2\lesson2\Debug\link.command.1.tlog
d:\C++\C---proff-course\lesson2\lesson2\Debug\link.read.1.tlog
d:\C++\C---proff-course\lesson2\lesson2\Debug\link.write.1.tlog
d:\C++\C---proff-course\lesson2\lesson2\Debug\link-cvtres.read.1.tlog
d:\C++\C---proff-course\lesson2\lesson2\Debug\link-cvtres.write.1.tlog
d:\C++\C---proff-course\lesson2\lesson2\Debug\mt.command.1.tlog
d:\C++\C---proff-course\lesson2\lesson2\Debug\mt.read.1.tlog
d:\C++\C---proff-course\lesson2\lesson2\Debug\mt.write.1.tlog
D:\C++\C---PROFF-COURSE\LESSON2\LESSON2\DEBUG\MYCLASS.OBJ
D:\C++\C---PROFF-COURSE\LESSON2\LESSON2\DEBUG\MYCLASS_B.OBJ
d:\C++\C---proff-course\lesson2\lesson2\Debug\rc.command.1.tlog
d:\C++\C---proff-course\lesson2\lesson2\Debug\rc.read.1.tlog
d:\C++\C---proff-course\lesson2\lesson2\Debug\rc.write.1.tlog
D:\C++\C---PROFF-COURSE\LESSON2\LESSON2\DEBUG\STDAFX.OBJ
d:\C++\C---proff-course\lesson2\lesson2\Debug\vc100.idb
D:\C++\C---PROFF-COURSE\LESSON2\LESSON2\DEBUG\VC100.PDB
d:\C++\C---proff-course\lesson2\lesson2\Debug\vc90.idb
d:\C++\C---proff-course\lesson2\lesson2\Debug\vc90.pdb
