Build started 09.09.2011 14:40:56.
     1>Project "d:\C++\C---proff-course\lesson2\lesson2\lesson2.vcxproj" on node 2 (rebuild target(s)).
     1>_PrepareForClean:
         Deleting file "Debug\lesson2.lastbuildstate".
       InitializeBuildStatus:
         Touching "Debug\lesson2.unsuccessfulbuild".
       ClCompile:
         C:\Program Files (x86)\Microsoft Visual Studio 10.0\VC\bin\CL.exe /c /ZI /nologo /W3 /WX- /Od /Oy- /D WIN32 /D _DEBUG /D _CONSOLE /D _UNICODE /D UNICODE /Gm /EHsc /RTC1 /MDd /GS /fp:precise /Zc:wchar_t /Zc:forScope /Yc"StdAfx.h" /Fp"Debug\lesson2.pch" /Fo"Debug\\" /Fd"Debug\vc100.pdb" /Gd /TP /analyze- /errorReport:prompt stdafx.cpp
         stdafx.cpp
         C:\Program Files (x86)\Microsoft Visual Studio 10.0\VC\bin\CL.exe /c /ZI /nologo /W3 /WX- /Od /Oy- /D WIN32 /D _DEBUG /D _CONSOLE /D _UNICODE /D UNICODE /Gm /EHsc /RTC1 /MDd /GS /fp:precise /Zc:wchar_t /Zc:forScope /Yu"StdAfx.h" /Fp"Debug\lesson2.pch" /Fo"Debug\\" /Fd"Debug\vc100.pdb" /Gd /TP /analyze- /errorReport:prompt lesson2.cpp MyClass.cpp MyClass_B.cpp
         MyClass_B.cpp
         MyClass.cpp
         lesson2.cpp
         Создание кода...
       ManifestResourceCompile:
         C:\Program Files (x86)\Microsoft SDKs\Windows\v7.0A\bin\rc.exe /nologo /fo"Debug\lesson2.exe.embed.manifest.res" Debug\lesson2_manifest.rc 
       Link:
         C:\Program Files (x86)\Microsoft Visual Studio 10.0\VC\bin\link.exe /ERRORREPORT:PROMPT /OUT:"D:\C++\C---proff-course\lesson2\Debug\lesson2.exe" /INCREMENTAL /NOLOGO kernel32.lib user32.lib gdi32.lib winspool.lib comdlg32.lib advapi32.lib shell32.lib ole32.lib oleaut32.lib uuid.lib odbc32.lib odbccp32.lib /MANIFEST /ManifestFile:"Debug\lesson2.exe.intermediate.manifest" /MANIFESTUAC:"level='asInvoker' uiAccess='false'" /DEBUG /PDB:"D:\C++\C---proff-course\lesson2\Debug\lesson2.pdb" /SUBSYSTEM:CONSOLE /TLBID:1 /DYNAMICBASE /NXCOMPAT /IMPLIB:"D:\C++\C---proff-course\lesson2\Debug\lesson2.lib" /MACHINE:X86 Debug\lesson2.exe.embed.manifest.res
         Debug\lesson2.obj
         Debug\MyClass.obj
         Debug\MyClass_B.obj
         Debug\stdafx.obj
       Manifest:
         Deleting file "Debug\lesson2.exe.embed.manifest".
         C:\Program Files (x86)\Microsoft SDKs\Windows\v7.0A\bin\mt.exe /nologo /verbose /out:"Debug\lesson2.exe.embed.manifest" /manifest Debug\lesson2.exe.intermediate.manifest
         C:\Program Files (x86)\Microsoft SDKs\Windows\v7.0A\bin\rc.exe /nologo /fo"Debug\lesson2.exe.embed.manifest.res" Debug\lesson2_manifest.rc 
       LinkEmbedManifest:
         C:\Program Files (x86)\Microsoft Visual Studio 10.0\VC\bin\link.exe /ERRORREPORT:PROMPT /OUT:"D:\C++\C---proff-course\lesson2\Debug\lesson2.exe" /INCREMENTAL /NOLOGO kernel32.lib user32.lib gdi32.lib winspool.lib comdlg32.lib advapi32.lib shell32.lib ole32.lib oleaut32.lib uuid.lib odbc32.lib odbccp32.lib /MANIFEST /ManifestFile:"Debug\lesson2.exe.intermediate.manifest" /MANIFESTUAC:"level='asInvoker' uiAccess='false'" /DEBUG /PDB:"D:\C++\C---proff-course\lesson2\Debug\lesson2.pdb" /SUBSYSTEM:CONSOLE /TLBID:1 /DYNAMICBASE /NXCOMPAT /IMPLIB:"D:\C++\C---proff-course\lesson2\Debug\lesson2.lib" /MACHINE:X86 Debug\lesson2.exe.embed.manifest.res
         Debug\lesson2.obj
         Debug\MyClass.obj
         Debug\MyClass_B.obj
         Debug\stdafx.obj
         lesson2.vcxproj -> D:\C++\C---proff-course\lesson2\Debug\lesson2.exe
       FinalizeBuildStatus:
         Deleting file "Debug\lesson2.unsuccessfulbuild".
         Touching "Debug\lesson2.lastbuildstate".
     1>Done Building Project "d:\C++\C---proff-course\lesson2\lesson2\lesson2.vcxproj" (rebuild target(s)).

Build succeeded.

Time Elapsed 00:00:01.89
